e:\lwipwin32\debug\lwipwin32.bsc
e:\lwipwin32\debug\vc140.pdb
e:\lwipwin32\debug\vc140.idb
e:\lwipwin32\debug\http2.sbr
e:\lwipwin32\debug\http.sbr
e:\lwipwin32\debug\net_tap.sbr
e:\lwipwin32\debug\sys_arch.sbr
e:\lwipwin32\debug\queue.sbr
e:\lwipwin32\debug\loopif.sbr
e:\lwipwin32\debug\ethernetif.sbr
e:\lwipwin32\debug\etharp.sbr
e:\lwipwin32\debug\msg_out.sbr
e:\lwipwin32\debug\msg_in.sbr
e:\lwipwin32\debug\mib_structs.sbr
e:\lwipwin32\debug\mib2.sbr
e:\lwipwin32\debug\asn1_enc.sbr
e:\lwipwin32\debug\asn1_dec.sbr
e:\lwipwin32\debug\ip_frag.sbr
e:\lwipwin32\debug\ip_addr.sbr
e:\lwipwin32\debug\ip.sbr
e:\lwipwin32\debug\inet_chksum.sbr
e:\lwipwin32\debug\inet.sbr
e:\lwipwin32\debug\igmp.sbr
e:\lwipwin32\debug\igmp.obj
e:\lwipwin32\debug\inet.obj
e:\lwipwin32\debug\inet_chksum.obj
e:\lwipwin32\debug\ip.obj
e:\lwipwin32\debug\ip_addr.obj
e:\lwipwin32\debug\ip_frag.obj
e:\lwipwin32\debug\asn1_dec.obj
e:\lwipwin32\debug\asn1_enc.obj
e:\lwipwin32\debug\mib2.obj
e:\lwipwin32\debug\mib_structs.obj
e:\lwipwin32\debug\msg_in.obj
e:\lwipwin32\debug\msg_out.obj
e:\lwipwin32\debug\etharp.obj
e:\lwipwin32\debug\ethernetif.obj
e:\lwipwin32\debug\loopif.obj
e:\lwipwin32\debug\queue.obj
e:\lwipwin32\debug\sys_arch.obj
e:\lwipwin32\debug\net_tap.obj
e:\lwipwin32\debug\http.obj
e:\lwipwin32\debug\http2.obj
e:\lwipwin32\debug\icmp.sbr
e:\lwipwin32\debug\autoip.sbr
e:\lwipwin32\debug\udp.sbr
e:\lwipwin32\debug\tcp_out.sbr
e:\lwipwin32\debug\tcp_in.sbr
e:\lwipwin32\debug\tcp.sbr
e:\lwipwin32\debug\sys.sbr
e:\lwipwin32\debug\stats.sbr
e:\lwipwin32\debug\raw.sbr
e:\lwipwin32\debug\pbuf.sbr
e:\lwipwin32\debug\netif.sbr
e:\lwipwin32\debug\memp.sbr
e:\lwipwin32\debug\mem.sbr
e:\lwipwin32\debug\init.sbr
e:\lwipwin32\debug\dns.sbr
e:\lwipwin32\debug\dhcp.sbr
e:\lwipwin32\debug\tcpip.sbr
e:\lwipwin32\debug\sockets.sbr
e:\lwipwin32\debug\netifapi.sbr
e:\lwipwin32\debug\netdb.sbr
e:\lwipwin32\debug\netdb.obj
e:\lwipwin32\debug\netifapi.obj
e:\lwipwin32\debug\sockets.obj
e:\lwipwin32\debug\tcpip.obj
e:\lwipwin32\debug\dhcp.obj
e:\lwipwin32\debug\dns.obj
e:\lwipwin32\debug\init.obj
e:\lwipwin32\debug\mem.obj
e:\lwipwin32\debug\memp.obj
e:\lwipwin32\debug\netif.obj
e:\lwipwin32\debug\pbuf.obj
e:\lwipwin32\debug\raw.obj
e:\lwipwin32\debug\stats.obj
e:\lwipwin32\debug\sys.obj
e:\lwipwin32\debug\tcp.obj
e:\lwipwin32\debug\tcp_in.obj
e:\lwipwin32\debug\tcp_out.obj
e:\lwipwin32\debug\udp.obj
e:\lwipwin32\debug\autoip.obj
e:\lwipwin32\debug\icmp.obj
e:\lwipwin32\debug\netbuf.sbr
e:\lwipwin32\debug\err.sbr
e:\lwipwin32\debug\api_msg.sbr
e:\lwipwin32\debug\api_lib.sbr
e:\lwipwin32\debug\lwipwin32.sbr
e:\lwipwin32\debug\lwipwin32.obj
e:\lwipwin32\debug\api_lib.obj
e:\lwipwin32\debug\api_msg.obj
e:\lwipwin32\debug\err.obj
e:\lwipwin32\debug\netbuf.obj
e:\lwipwin32\debug\lwipwin32.ilk
e:\lwipwin32\debug\lwipwin32.exe
e:\lwipwin32\debug\lwipwin32.pdb
e:\lwipwin32\.\debug\lwipwin32.exe
e:\lwipwin32\debug\lwipwin32.tlog\bscmake.command.1.tlog
e:\lwipwin32\debug\lwipwin32.tlog\bscmake.read.1.tlog
e:\lwipwin32\debug\lwipwin32.tlog\bscmake.write.1.tlog
e:\lwipwin32\debug\lwipwin32.tlog\cl.command.1.tlog
e:\lwipwin32\debug\lwipwin32.tlog\cl.read.1.tlog
e:\lwipwin32\debug\lwipwin32.tlog\cl.write.1.tlog
e:\lwipwin32\debug\lwipwin32.tlog\link.command.1.tlog
e:\lwipwin32\debug\lwipwin32.tlog\link.read.1.tlog
e:\lwipwin32\debug\lwipwin32.tlog\link.write.1.tlog
